
[0m[1mInitializing the backend...[0m
[0m[1mInitializing modules...[0m
- IAM_Roles in ../modules/aws_iam_role
- lambda_role_attachments in ../modules/aws_iam_policy_attachment

[0m[1mInitializing provider plugins...[0m
- Finding hashicorp/aws versions matching ">= 4.0.0, >= 5.0.0"...
- Installing hashicorp/aws v5.47.0...
- Installed hashicorp/aws v5.47.0 (signed by HashiCorp)

Terraform has created a lock file [1m.terraform.lock.hcl[0m to record the provider
selections it made above. Include this file in your version control repository
so that Terraform can guarantee to make the same selections by default when
you run "terraform init" in the future.[0m

[33m[33m╷[0m[0m
[33m│[0m [0m[1m[33mWarning: [0m[0m[1mProvider development overrides are in effect[0m
[33m│[0m [0m
[33m│[0m [0m[0mThe following provider development overrides are set in the CLI configuration:
[33m│[0m [0m - joaqquin89/python in /usr/local/go/bin
[33m│[0m [0m
[33m│[0m [0mSkip terraform init when using provider development overrides. It is not necessary and may error unexpectedly.
[33m╵[0m[0m
[0m[0m
[0m[1m[32mTerraform has been successfully initialized![0m[32m[0m
[0m[32m
You may now begin working with Terraform. Try running "terraform plan" to see
any changes that are required for your infrastructure. All Terraform commands
should now work.

If you ever set or change modules or backend configuration for Terraform,
rerun this command to reinitialize your working directory. If you forget, other
commands will detect it and remind you to do so if necessary.[0m
